<?xml version="1.0" encoding="UTF-8"?>
<!-- Generated by org.testng.reporters.JUnitReportReporter -->
<testsuite hostname="DESKTOP-02956BS" failures="0" tests="1" name="Vtiger.OrganizationTest.CreateOrganizationPomTest" time="125.929" errors="0" timestamp="2022-09-20T11:52:17 IST" skipped="0">
  <testcase classname="Vtiger.OrganizationTest.CreateOrganizationPomTest" name="CreateOrganizationTest" time="125.929"/>
  <system-out/>
</testsuite> <!-- Vtiger.OrganizationTest.CreateOrganizationPomTest -->
