<?xml version="1.0" encoding="UTF-8"?>
<!-- Generated by org.testng.reporters.JUnitReportReporter -->
<testsuite hostname="DESKTOP-02956BS" failures="0" tests="5" name="Vtiger.Practice.DataProviderPractice" time="0.017" errors="0" timestamp="2022-09-05T12:57:25 IST" skipped="0">
  <testcase classname="Vtiger.Practice.DataProviderPractice" name="CreateOrganizationWithIndustry" time="0.010"/>
  <system-out/>
  <testcase classname="Vtiger.Practice.DataProviderPractice" name="CreateOrganizationWithIndustry" time="0.002"/>
  <system-out/>
  <testcase classname="Vtiger.Practice.DataProviderPractice" name="CreateOrganizationWithIndustry" time="0.002"/>
  <system-out/>
  <testcase classname="Vtiger.Practice.DataProviderPractice" name="CreateOrganizationWithIndustry" time="0.001"/>
  <system-out/>
  <testcase classname="Vtiger.Practice.DataProviderPractice" name="CreateOrganizationWithIndustry" time="0.002"/>
  <system-out/>
</testsuite> <!-- Vtiger.Practice.DataProviderPractice -->
