<?xml version="1.0" encoding="UTF-8"?>
<!-- Generated by org.testng.reporters.JUnitReportReporter -->
<testsuite hostname="DESKTOP-02956BS" failures="0" tests="4" name="Vtiger.Practice.TestNgPractice" time="0.027" errors="0" timestamp="2022-09-03T15:51:29 IST" skipped="0">
  <testcase classname="Vtiger.Practice.TestNgPractice" name="createCustomerTest" time="0.017"/>
  <system-out/>
  <testcase classname="Vtiger.Practice.TestNgPractice" name="createCustomerTest" time="0.005"/>
  <system-out/>
  <testcase classname="Vtiger.Practice.TestNgPractice" name="modifyCustomerTest" time="0.001"/>
  <system-out/>
  <testcase classname="Vtiger.Practice.TestNgPractice" name="deleteCustomerTest" time="0.004"/>
  <system-out/>
</testsuite> <!-- Vtiger.Practice.TestNgPractice -->
