<?xml version="1.0" encoding="UTF-8"?>
<!-- Generated by org.testng.reporters.JUnitReportReporter -->
<testsuite hostname="DESKTOP-02956BS" failures="0" tests="1" name="Vtiger.ContactTest.CreateContactTestUsingGU" time="126.753" errors="0" timestamp="2022-09-19T10:39:53 IST" skipped="0">
  <testcase classname="Vtiger.ContactTest.CreateContactTestUsingGU" name="CreateContactGuiTest" time="126.753"/>
  <system-out/>
</testsuite> <!-- Vtiger.ContactTest.CreateContactTestUsingGU -->
