<?xml version="1.0" encoding="UTF-8"?>
<!-- Generated by org.testng.reporters.JUnitReportReporter -->
<testsuite hostname="DESKTOP-02956BS" failures="0" tests="1" name="OrganizationBranch.OrganizationPracticeTest" time="0.020" errors="0" timestamp="2022-11-22T11:20:40 IST" skipped="0">
  <testcase classname="OrganizationBranch.OrganizationPracticeTest" name="OrganizationTest" time="0.020"/>
  <system-out>
    <![CDATA[HI , I am Organizations Practice Module]]>
  </system-out>
</testsuite> <!-- OrganizationBranch.OrganizationPracticeTest -->
