<?xml version="1.0" encoding="UTF-8"?>
<!-- Generated by org.testng.reporters.JUnitReportReporter -->
<testsuite hostname="DESKTOP-02956BS" failures="0" tests="3" name="Vtiger.Practice.TestNgPractice" time="0.020" errors="0" timestamp="2022-10-05T03:34:55 IST" skipped="0">
  <testcase classname="Vtiger.Practice.TestNgPractice" name="createCustomerTest" time="0.014"/>
  <system-out/>
  <testcase classname="Vtiger.Practice.TestNgPractice" name="modifyCustomerTest" time="0.004"/>
  <system-out/>
  <testcase classname="Vtiger.Practice.TestNgPractice" name="deleteCustomerTest" time="0.002"/>
  <system-out/>
</testsuite> <!-- Vtiger.Practice.TestNgPractice -->
