<?xml version="1.0" encoding="UTF-8"?>
<!-- Generated by org.testng.reporters.JUnitReportReporter -->
<testsuite hostname="DESKTOP-02956BS" failures="0" tests="2" name="Vtiger.ContactTest.CreateContactPomTest" time="41.581" errors="0" timestamp="2022-09-23T12:29:26 IST" skipped="0">
  <testcase classname="Vtiger.ContactTest.CreateContactPomTest" name="CreateContactTest" time="29.783"/>
  <system-out/>
  <testcase classname="Vtiger.ContactTest.CreateContactPomTest" name="DemoRegressionTest" time="11.798"/>
  <system-out/>
</testsuite> <!-- Vtiger.ContactTest.CreateContactPomTest -->
