<?xml version="1.0" encoding="UTF-8"?>
<!-- Generated by org.testng.reporters.JUnitReportReporter -->
<testsuite hostname="DESKTOP-02956BS" failures="0" tests="1" name="Vtiger.OrganizationTest.CreateOrganizationPomTest" time="38.334" errors="0" timestamp="2022-09-23T12:24:43 IST" skipped="0">
  <testcase classname="Vtiger.OrganizationTest.CreateOrganizationPomTest" name="CreateOrganizationTest" time="38.334"/>
  <system-out/>
</testsuite> <!-- Vtiger.OrganizationTest.CreateOrganizationPomTest -->
