<?xml version="1.0" encoding="UTF-8"?>
<!-- Generated by org.testng.reporters.JUnitReportReporter -->
<testsuite hostname="DESKTOP-02956BS" failures="0" tests="1" name="Vtiger.Practice.ReadDataFromCmdLine" time="0.029" errors="0" timestamp="2022-09-15T20:36:50 IST" skipped="0">
  <testcase classname="Vtiger.Practice.ReadDataFromCmdLine" name="readData" time="0.029"/>
  <system-out/>
</testsuite> <!-- Vtiger.Practice.ReadDataFromCmdLine -->
