<?xml version="1.0" encoding="UTF-8"?>
<!-- Generated by org.testng.reporters.JUnitReportReporter -->
<testsuite hostname="DESKTOP-02956BS" failures="0" tests="1" name="OpportunitesTest.CreateOpportunityTest" time="49.378" errors="0" timestamp="2022-10-20T18:33:25 IST" skipped="0">
  <testcase classname="OpportunitesTest.CreateOpportunityTest" name="opportunity" time="49.378"/>
  <system-out/>
</testsuite> <!-- OpportunitesTest.CreateOpportunityTest -->
