<?xml version="1.0" encoding="UTF-8"?>
<!-- Generated by org.testng.reporters.JUnitReportReporter -->
<testsuite hostname="DESKTOP-02956BS" failures="0" tests="1" name="OrganizationAndContactModule.CreateContactWithOrganizationTest" time="62.589" errors="0" timestamp="2022-09-23T12:20:08 IST" skipped="0">
  <testcase classname="OrganizationAndContactModule.CreateContactWithOrganizationTest" name="createContactWithOrganization" time="62.589"/>
  <system-out>
    <![CDATA[New Organization Created Sucessfully ---> PASS
New Contact Created Sucessfully ---> PASS]]>
  </system-out>
</testsuite> <!-- OrganizationAndContactModule.CreateContactWithOrganizationTest -->
